<?xml version="1.0" encoding="UTF-8"?>
<!-- Generated by org.testng.reporters.JUnitReportReporter -->
<testsuite skipped="0" hostname="DESKTOP-1EPNGST" name="com.qa.hubspot.test.LoginPageTest" tests="3" failures="0" timestamp="26 Apr 2020 06:02:12 GMT" time="12.812" errors="0">
  <testcase name="verifyloginpagetest" time="5.013" classname="com.qa.hubspot.test.LoginPageTest"/>
  <testcase name="verifysignuplinktest" time="0.054" classname="com.qa.hubspot.test.LoginPageTest"/>
  <testcase name="doLogin" time="7.745" classname="com.qa.hubspot.test.LoginPageTest"/>
</testsuite> <!-- com.qa.hubspot.test.LoginPageTest -->
