<?xml version="1.0" encoding="UTF-8"?>
<!-- Generated by org.testng.reporters.JUnitReportReporter -->
<testsuite skipped="0" hostname="DESKTOP-1EPNGST" name="com.qa.hubspot.test.LoginPageTest" tests="3" failures="0" timestamp="27 Apr 2020 13:47:01 GMT" time="12.873" errors="0">
  <testcase name="verifysignuplinktest" time="0.157" classname="com.qa.hubspot.test.LoginPageTest"/>
  <testcase name="verifyloginpagetest" time="5.050" classname="com.qa.hubspot.test.LoginPageTest"/>
  <testcase name="doLogin" time="7.666" classname="com.qa.hubspot.test.LoginPageTest"/>
</testsuite> <!-- com.qa.hubspot.test.LoginPageTest -->
